<?xml version="1.0" encoding="UTF-8"?>
<coverage generated="1761578756275" clover="3.2.0">
  <project timestamp="1761578756276" name="All files">
    <metrics statements="303" coveredstatements="303" conditionals="143" coveredconditionals="142" methods="33" coveredmethods="33" elements="479" coveredelements="478" complexity="0" loc="303" ncloc="303" packages="3" files="8" classes="8"/>
    <package name="controllers">
      <metrics statements="251" coveredstatements="251" conditionals="129" coveredconditionals="128" methods="29" coveredmethods="29"/>
      <file name="authControllers.js" path="C:\Users\Utilisateur\Desktop\WIMF\back\controllers\authControllers.js">
        <metrics statements="54" coveredstatements="54" conditionals="14" coveredconditionals="13" methods="4" coveredmethods="4"/>
        <line num="1" count="1" type="stmt"/>
        <line num="2" count="1" type="stmt"/>
        <line num="3" count="1" type="stmt"/>
        <line num="4" count="1" type="stmt"/>
        <line num="20" count="1" type="stmt"/>
        <line num="21" count="4" type="stmt"/>
        <line num="23" count="4" type="stmt"/>
        <line num="24" count="4" type="stmt"/>
        <line num="29" count="3" type="cond" truecount="2" falsecount="0"/>
        <line num="30" count="1" type="stmt"/>
        <line num="34" count="3" type="stmt"/>
        <line num="36" count="3" type="stmt"/>
        <line num="37" count="3" type="stmt"/>
        <line num="39" count="3" type="stmt"/>
        <line num="44" count="2" type="stmt"/>
        <line num="53" count="2" type="stmt"/>
        <line num="63" count="2" type="stmt"/>
        <line num="81" count="1" type="stmt"/>
        <line num="82" count="5" type="stmt"/>
        <line num="84" count="5" type="stmt"/>
        <line num="85" count="5" type="stmt"/>
        <line num="90" count="4" type="cond" truecount="2" falsecount="0"/>
        <line num="91" count="1" type="stmt"/>
        <line num="95" count="3" type="stmt"/>
        <line num="96" count="3" type="cond" truecount="2" falsecount="0"/>
        <line num="97" count="1" type="stmt"/>
        <line num="99" count="2" type="stmt"/>
        <line num="105" count="1" type="stmt"/>
        <line num="107" count="2" type="stmt"/>
        <line num="124" count="1" type="stmt"/>
        <line num="125" count="5" type="stmt"/>
        <line num="127" count="5" type="stmt"/>
        <line num="128" count="5" type="stmt"/>
        <line num="133" count="4" type="cond" truecount="2" falsecount="0"/>
        <line num="134" count="1" type="stmt"/>
        <line num="138" count="3" type="stmt"/>
        <line num="144" count="2" type="stmt"/>
        <line num="146" count="1" type="stmt"/>
        <line num="148" count="3" type="stmt"/>
        <line num="167" count="1" type="stmt"/>
        <line num="168" count="5" type="stmt"/>
        <line num="170" count="5" type="stmt"/>
        <line num="171" count="5" type="stmt"/>
        <line num="176" count="4" type="cond" truecount="2" falsecount="0"/>
        <line num="177" count="1" type="stmt"/>
        <line num="179" count="3" type="cond" truecount="2" falsecount="0"/>
        <line num="180" count="1" type="stmt"/>
        <line num="184" count="2" type="cond" truecount="1" falsecount="1"/>
        <line num="185" count="2" type="stmt"/>
        <line num="186" count="2" type="stmt"/>
        <line num="188" count="2" type="stmt"/>
        <line num="190" count="2" type="stmt"/>
        <line num="199" count="1" type="stmt"/>
        <line num="202" count="2" type="stmt"/>
      </file>
      <file name="ingredientControllers.js" path="C:\Users\Utilisateur\Desktop\WIMF\back\controllers\ingredientControllers.js">
        <metrics statements="84" coveredstatements="84" conditionals="26" coveredconditionals="26" methods="12" coveredmethods="12"/>
        <line num="1" count="1" type="stmt"/>
        <line num="12" count="1" type="stmt"/>
        <line num="13" count="3" type="stmt"/>
        <line num="15" count="3" type="stmt"/>
        <line num="20" count="2" type="stmt"/>
        <line num="22" count="1" type="stmt"/>
        <line num="35" count="1" type="stmt"/>
        <line num="36" count="3" type="stmt"/>
        <line num="37" count="3" type="stmt"/>
        <line num="40" count="3" type="stmt"/>
        <line num="42" count="3" type="stmt"/>
        <line num="45" count="3" type="stmt"/>
        <line num="46" count="3" type="stmt"/>
        <line num="49" count="3" type="stmt"/>
        <line num="51" count="3" type="stmt"/>
        <line num="60" count="2" type="stmt"/>
        <line num="62" count="1" type="stmt"/>
        <line num="75" count="1" type="stmt"/>
        <line num="76" count="3" type="stmt"/>
        <line num="77" count="3" type="stmt"/>
        <line num="79" count="3" type="stmt"/>
        <line num="84" count="2" type="cond" truecount="2" falsecount="0"/>
        <line num="85" count="1" type="stmt"/>
        <line num="88" count="1" type="stmt"/>
        <line num="95" count="1" type="stmt"/>
        <line num="97" count="1" type="stmt"/>
        <line num="115" count="1" type="stmt"/>
        <line num="116" count="5" type="stmt"/>
        <line num="117" count="5" type="stmt"/>
        <line num="119" count="5" type="cond" truecount="4" falsecount="0"/>
        <line num="120" count="1" type="stmt"/>
        <line num="125" count="4" type="stmt"/>
        <line num="130" count="3" type="cond" truecount="2" falsecount="0"/>
        <line num="131" count="1" type="stmt"/>
        <line num="134" count="2" type="stmt"/>
        <line num="142" count="1" type="stmt"/>
        <line num="146" count="2" type="stmt"/>
        <line num="164" count="1" type="stmt"/>
        <line num="165" count="5" type="stmt"/>
        <line num="166" count="5" type="stmt"/>
        <line num="167" count="5" type="stmt"/>
        <line num="169" count="5" type="stmt"/>
        <line num="174" count="4" type="cond" truecount="2" falsecount="0"/>
        <line num="175" count="1" type="stmt"/>
        <line num="178" count="3" type="stmt"/>
        <line num="183" count="3" type="cond" truecount="2" falsecount="0"/>
        <line num="184" count="1" type="stmt"/>
        <line num="190" count="2" type="stmt"/>
        <line num="200" count="1" type="stmt"/>
        <line num="204" count="2" type="stmt"/>
        <line num="218" count="1" type="stmt"/>
        <line num="219" count="3" type="stmt"/>
        <line num="220" count="3" type="stmt"/>
        <line num="222" count="3" type="stmt"/>
        <line num="227" count="2" type="cond" truecount="2" falsecount="0"/>
        <line num="228" count="1" type="stmt"/>
        <line num="231" count="1" type="stmt"/>
        <line num="233" count="1" type="stmt"/>
        <line num="254" count="1" type="stmt"/>
        <line num="255" count="6" type="stmt"/>
        <line num="256" count="6" type="stmt"/>
        <line num="257" count="6" type="stmt"/>
        <line num="259" count="6" type="stmt"/>
        <line num="264" count="5" type="cond" truecount="2" falsecount="0"/>
        <line num="265" count="1" type="stmt"/>
        <line num="268" count="4" type="stmt"/>
        <line num="273" count="4" type="cond" truecount="2" falsecount="0"/>
        <line num="274" count="1" type="stmt"/>
        <line num="277" count="3" type="stmt"/>
        <line num="282" count="3" type="cond" truecount="2" falsecount="0"/>
        <line num="283" count="1" type="stmt"/>
        <line num="288" count="2" type="stmt"/>
        <line num="295" count="2" type="stmt"/>
        <line num="297" count="1" type="stmt"/>
        <line num="312" count="1" type="stmt"/>
        <line num="313" count="3" type="stmt"/>
        <line num="314" count="3" type="stmt"/>
        <line num="316" count="3" type="stmt"/>
        <line num="318" count="6" type="stmt"/>
        <line num="321" count="3" type="stmt"/>
        <line num="328" count="2" type="cond" truecount="2" falsecount="0"/>
        <line num="329" count="1" type="stmt"/>
        <line num="335" count="1" type="stmt"/>
        <line num="337" count="1" type="stmt"/>
      </file>
      <file name="recipeControllers.js" path="C:\Users\Utilisateur\Desktop\WIMF\back\controllers\recipeControllers.js">
        <metrics statements="57" coveredstatements="57" conditionals="30" coveredconditionals="30" methods="9" coveredmethods="9"/>
        <line num="1" count="1" type="stmt"/>
        <line num="12" count="1" type="stmt"/>
        <line num="13" count="3" type="stmt"/>
        <line num="14" count="3" type="stmt"/>
        <line num="16" count="2" type="stmt"/>
        <line num="18" count="1" type="stmt"/>
        <line num="33" count="1" type="stmt"/>
        <line num="34" count="3" type="stmt"/>
        <line num="35" count="3" type="stmt"/>
        <line num="37" count="3" type="stmt"/>
        <line num="42" count="2" type="cond" truecount="2" falsecount="0"/>
        <line num="43" count="1" type="stmt"/>
        <line num="46" count="1" type="stmt"/>
        <line num="48" count="1" type="stmt"/>
        <line num="139" count="1" type="stmt"/>
        <line num="140" count="4" type="stmt"/>
        <line num="149" count="4" type="stmt"/>
        <line num="151" count="4" type="stmt"/>
        <line num="156" count="3" type="cond" truecount="2" falsecount="0"/>
        <line num="157" count="1" type="stmt"/>
        <line num="163" count="2" type="stmt"/>
        <line num="165" count="2" type="stmt"/>
        <line num="181" count="1" type="stmt"/>
        <line num="185" count="2" type="stmt"/>
        <line num="202" count="1" type="stmt"/>
        <line num="203" count="6" type="stmt"/>
        <line num="204" count="6" type="stmt"/>
        <line num="206" count="6" type="stmt"/>
        <line num="211" count="5" type="cond" truecount="2" falsecount="0"/>
        <line num="212" count="1" type="stmt"/>
        <line num="223" count="4" type="stmt"/>
        <line num="225" count="4" type="stmt"/>
        <line num="230" count="4" type="cond" truecount="2" falsecount="0"/>
        <line num="231" count="1" type="stmt"/>
        <line num="237" count="3" type="cond" truecount="2" falsecount="0"/>
        <line num="247" count="3" type="stmt"/>
        <line num="273" count="2" type="stmt"/>
        <line num="275" count="2" type="stmt"/>
        <line num="289" count="1" type="stmt"/>
        <line num="290" count="3" type="stmt"/>
        <line num="291" count="3" type="stmt"/>
        <line num="293" count="3" type="stmt"/>
        <line num="298" count="2" type="cond" truecount="2" falsecount="0"/>
        <line num="299" count="1" type="stmt"/>
        <line num="302" count="1" type="stmt"/>
        <line num="304" count="1" type="stmt"/>
        <line num="317" count="1" type="stmt"/>
        <line num="318" count="3" type="stmt"/>
        <line num="319" count="3" type="stmt"/>
        <line num="321" count="3" type="stmt"/>
        <line num="323" count="9" type="stmt"/>
        <line num="326" count="3" type="stmt"/>
        <line num="327" count="9" type="stmt"/>
        <line num="330" count="9" type="stmt"/>
        <line num="332" count="3" type="stmt"/>
        <line num="337" count="2" type="stmt"/>
        <line num="339" count="1" type="stmt"/>
      </file>
      <file name="userControllers.js" path="C:\Users\Utilisateur\Desktop\WIMF\back\controllers\userControllers.js">
        <metrics statements="56" coveredstatements="56" conditionals="59" coveredconditionals="59" methods="4" coveredmethods="4"/>
        <line num="1" count="1" type="stmt"/>
        <line num="2" count="1" type="stmt"/>
        <line num="15" count="1" type="stmt"/>
        <line num="16" count="4" type="stmt"/>
        <line num="17" count="4" type="stmt"/>
        <line num="22" count="3" type="cond" truecount="2" falsecount="0"/>
        <line num="23" count="1" type="stmt"/>
        <line num="26" count="3" type="cond" truecount="2" falsecount="0"/>
        <line num="27" count="1" type="stmt"/>
        <line num="32" count="2" type="stmt"/>
        <line num="35" count="2" type="stmt"/>
        <line num="37" count="2" type="stmt"/>
        <line num="52" count="1" type="stmt"/>
        <line num="53" count="4" type="stmt"/>
        <line num="54" count="4" type="stmt"/>
        <line num="59" count="3" type="stmt"/>
        <line num="63" count="3" type="cond" truecount="2" falsecount="0"/>
        <line num="64" count="1" type="stmt"/>
        <line num="67" count="2" type="cond" truecount="2" falsecount="0"/>
        <line num="77" count="1" type="stmt"/>
        <line num="82" count="1" type="stmt"/>
        <line num="84" count="1" type="stmt"/>
        <line num="106" count="1" type="stmt"/>
        <line num="107" count="10" type="stmt"/>
        <line num="108" count="10" type="stmt"/>
        <line num="113" count="9" type="stmt"/>
        <line num="117" count="9" type="cond" truecount="2" falsecount="0"/>
        <line num="118" count="1" type="stmt"/>
        <line num="121" count="8" type="cond" truecount="2" falsecount="0"/>
        <line num="131" count="2" type="stmt"/>
        <line num="137" count="6" type="stmt"/>
        <line num="141" count="6" type="cond" truecount="2" falsecount="0"/>
        <line num="142" count="5" type="stmt"/>
        <line num="148" count="6" type="cond" truecount="2" falsecount="0"/>
        <line num="149" count="5" type="stmt"/>
        <line num="155" count="6" type="cond" truecount="4" falsecount="0"/>
        <line num="156" count="3" type="stmt"/>
        <line num="163" count="3" type="stmt"/>
        <line num="172" count="3" type="cond" truecount="2" falsecount="0"/>
        <line num="173" count="2" type="stmt"/>
        <line num="174" count="2" type="stmt"/>
        <line num="177" count="3" type="stmt"/>
        <line num="179" count="3" type="stmt"/>
        <line num="202" count="2" type="stmt"/>
        <line num="204" count="2" type="stmt"/>
        <line num="219" count="1" type="stmt"/>
        <line num="220" count="6" type="stmt"/>
        <line num="221" count="6" type="stmt"/>
        <line num="226" count="5" type="stmt"/>
        <line num="231" count="5" type="cond" truecount="2" falsecount="0"/>
        <line num="243" count="2" type="stmt"/>
        <line num="248" count="3" type="stmt"/>
        <line num="252" count="2" type="cond" truecount="2" falsecount="0"/>
        <line num="253" count="1" type="stmt"/>
        <line num="256" count="2" type="stmt"/>
        <line num="258" count="2" type="stmt"/>
      </file>
    </package>
    <package name="middlewares">
      <metrics statements="44" coveredstatements="44" conditionals="14" coveredconditionals="14" methods="3" coveredmethods="3"/>
      <file name="adminMiddleware.js" path="C:\Users\Utilisateur\Desktop\WIMF\back\middlewares\adminMiddleware.js">
        <metrics statements="20" coveredstatements="20" conditionals="8" coveredconditionals="8" methods="1" coveredmethods="1"/>
        <line num="1" count="1" type="stmt"/>
        <line num="2" count="1" type="stmt"/>
        <line num="13" count="1" type="stmt"/>
        <line num="14" count="6" type="stmt"/>
        <line num="16" count="6" type="cond" truecount="4" falsecount="0"/>
        <line num="17" count="1" type="stmt"/>
        <line num="20" count="5" type="stmt"/>
        <line num="24" count="5" type="stmt"/>
        <line num="25" count="5" type="stmt"/>
        <line num="27" count="1" type="stmt"/>
        <line num="30" count="4" type="stmt"/>
        <line num="32" count="4" type="stmt"/>
        <line num="33" count="4" type="stmt"/>
        <line num="38" count="3" type="cond" truecount="2" falsecount="0"/>
        <line num="39" count="1" type="stmt"/>
        <line num="42" count="2" type="cond" truecount="2" falsecount="0"/>
        <line num="43" count="1" type="stmt"/>
        <line num="48" count="1" type="stmt"/>
        <line num="50" count="1" type="stmt"/>
        <line num="54" count="1" type="stmt"/>
      </file>
      <file name="authMiddleware.js" path="C:\Users\Utilisateur\Desktop\WIMF\back\middlewares\authMiddleware.js">
        <metrics statements="12" coveredstatements="12" conditionals="4" coveredconditionals="4" methods="1" coveredmethods="1"/>
        <line num="1" count="1" type="stmt"/>
        <line num="12" count="1" type="stmt"/>
        <line num="13" count="3" type="stmt"/>
        <line num="15" count="3" type="cond" truecount="4" falsecount="0"/>
        <line num="16" count="1" type="stmt"/>
        <line num="19" count="2" type="stmt"/>
        <line num="21" count="2" type="stmt"/>
        <line num="22" count="2" type="stmt"/>
        <line num="23" count="1" type="stmt"/>
        <line num="24" count="1" type="stmt"/>
        <line num="26" count="1" type="stmt"/>
        <line num="30" count="1" type="stmt"/>
      </file>
      <file name="resetPassMiddleware.js" path="C:\Users\Utilisateur\Desktop\WIMF\back\middlewares\resetPassMiddleware.js">
        <metrics statements="12" coveredstatements="12" conditionals="2" coveredconditionals="2" methods="1" coveredmethods="1"/>
        <line num="1" count="1" type="stmt"/>
        <line num="11" count="1" type="stmt"/>
        <line num="12" count="3" type="stmt"/>
        <line num="14" count="3" type="cond" truecount="2" falsecount="0"/>
        <line num="15" count="1" type="stmt"/>
        <line num="18" count="2" type="stmt"/>
        <line num="20" count="2" type="stmt"/>
        <line num="21" count="2" type="stmt"/>
        <line num="22" count="1" type="stmt"/>
        <line num="23" count="1" type="stmt"/>
        <line num="25" count="1" type="stmt"/>
        <line num="29" count="1" type="stmt"/>
      </file>
    </package>
    <package name="utils">
      <metrics statements="8" coveredstatements="8" conditionals="0" coveredconditionals="0" methods="1" coveredmethods="1"/>
      <file name="mailerForgotPass.js" path="C:\Users\Utilisateur\Desktop\WIMF\back\utils\mailerForgotPass.js">
        <metrics statements="8" coveredstatements="8" conditionals="0" coveredconditionals="0" methods="1" coveredmethods="1"/>
        <line num="1" count="2" type="stmt"/>
        <line num="4" count="2" type="stmt"/>
        <line num="12" count="2" type="stmt"/>
        <line num="25" count="2" type="stmt"/>
        <line num="26" count="2" type="stmt"/>
        <line num="27" count="1" type="stmt"/>
        <line num="30" count="1" type="stmt"/>
        <line num="34" count="2" type="stmt"/>
      </file>
    </package>
  </project>
</coverage>
