{"C:\\Users\\Utilisateur\\Desktop\\WIMF\\back\\controllers\\authControllers.js": {"path":"C:\\Users\\Utilisateur\\Desktop\\WIMF\\back\\controllers\\authControllers.js","statementMap":{"0":{"start":{"line":1,"column":11},"end":{"line":1,"column":27}},"1":{"start":{"line":2,"column":12},"end":{"line":2,"column":35}},"2":{"start":{"line":3,"column":15},"end":{"line":3,"column":32}},"3":{"start":{"line":4,"column":24},"end":{"line":4,"column":60}},"4":{"start":{"line":20,"column":0},"end":{"line":65,"column":2}},"5":{"start":{"line":21,"column":40},"end":{"line":21,"column":48}},"6":{"start":{"line":23,"column":2},"end":{"line":64,"column":3}},"7":{"start":{"line":24,"column":17},"end":{"line":27,"column":5}},"8":{"start":{"line":29,"column":4},"end":{"line":32,"column":9}},"9":{"start":{"line":30,"column":6},"end":{"line":32,"column":9}},"10":{"start":{"line":34,"column":17},"end":{"line":34,"column":27}},"11":{"start":{"line":36,"column":17},"end":{"line":36,"column":51}},"12":{"start":{"line":37,"column":25},"end":{"line":37,"column":58}},"13":{"start":{"line":39,"column":20},"end":{"line":42,"column":5}},"14":{"start":{"line":44,"column":18},"end":{"line":51,"column":5}},"15":{"start":{"line":53,"column":4},"end":{"line":61,"column":7}},"16":{"start":{"line":63,"column":4},"end":{"line":63,"column":51}},"17":{"start":{"line":81,"column":0},"end":{"line":109,"column":2}},"18":{"start":{"line":82,"column":30},"end":{"line":82,"column":38}},"19":{"start":{"line":84,"column":2},"end":{"line":108,"column":3}},"20":{"start":{"line":85,"column":17},"end":{"line":88,"column":5}},"21":{"start":{"line":90,"column":4},"end":{"line":93,"column":65}},"22":{"start":{"line":91,"column":6},"end":{"line":93,"column":65}},"23":{"start":{"line":95,"column":20},"end":{"line":95,"column":70}},"24":{"start":{"line":96,"column":4},"end":{"line":97,"column":80}},"25":{"start":{"line":97,"column":6},"end":{"line":97,"column":80}},"26":{"start":{"line":99,"column":18},"end":{"line":103,"column":5}},"27":{"start":{"line":105,"column":4},"end":{"line":105,"column":20}},"28":{"start":{"line":107,"column":4},"end":{"line":107,"column":51}},"29":{"start":{"line":124,"column":0},"end":{"line":150,"column":2}},"30":{"start":{"line":125,"column":20},"end":{"line":125,"column":28}},"31":{"start":{"line":127,"column":2},"end":{"line":149,"column":3}},"32":{"start":{"line":128,"column":17},"end":{"line":131,"column":5}},"33":{"start":{"line":133,"column":4},"end":{"line":136,"column":65}},"34":{"start":{"line":134,"column":6},"end":{"line":136,"column":65}},"35":{"start":{"line":138,"column":18},"end":{"line":142,"column":5}},"36":{"start":{"line":144,"column":4},"end":{"line":144,"column":60}},"37":{"start":{"line":146,"column":4},"end":{"line":146,"column":54}},"38":{"start":{"line":148,"column":4},"end":{"line":148,"column":51}},"39":{"start":{"line":167,"column":0},"end":{"line":204,"column":2}},"40":{"start":{"line":168,"column":30},"end":{"line":168,"column":38}},"41":{"start":{"line":170,"column":2},"end":{"line":203,"column":3}},"42":{"start":{"line":171,"column":24},"end":{"line":174,"column":5}},"43":{"start":{"line":176,"column":4},"end":{"line":177,"column":74}},"44":{"start":{"line":177,"column":6},"end":{"line":177,"column":74}},"45":{"start":{"line":179,"column":4},"end":{"line":182,"column":75}},"46":{"start":{"line":180,"column":6},"end":{"line":182,"column":75}},"47":{"start":{"line":184,"column":4},"end":{"line":200,"column":5}},"48":{"start":{"line":185,"column":19},"end":{"line":185,"column":53}},"49":{"start":{"line":186,"column":27},"end":{"line":186,"column":60}},"50":{"start":{"line":188,"column":25},"end":{"line":188,"column":35}},"51":{"start":{"line":190,"column":24},"end":{"line":197,"column":7}},"52":{"start":{"line":199,"column":6},"end":{"line":199,"column":26}},"53":{"start":{"line":202,"column":4},"end":{"line":202,"column":51}}},"fnMap":{"0":{"name":"(anonymous_0)","decl":{"start":{"line":20,"column":19},"end":{"line":20,"column":20}},"loc":{"start":{"line":20,"column":39},"end":{"line":65,"column":1}},"line":20},"1":{"name":"(anonymous_1)","decl":{"start":{"line":81,"column":16},"end":{"line":81,"column":17}},"loc":{"start":{"line":81,"column":36},"end":{"line":109,"column":1}},"line":81},"2":{"name":"(anonymous_2)","decl":{"start":{"line":124,"column":21},"end":{"line":124,"column":22}},"loc":{"start":{"line":124,"column":41},"end":{"line":150,"column":1}},"line":124},"3":{"name":"(anonymous_3)","decl":{"start":{"line":167,"column":24},"end":{"line":167,"column":25}},"loc":{"start":{"line":167,"column":44},"end":{"line":204,"column":1}},"line":167}},"branchMap":{"0":{"loc":{"start":{"line":29,"column":4},"end":{"line":32,"column":9}},"type":"if","locations":[{"start":{"line":29,"column":4},"end":{"line":32,"column":9}},{"start":{},"end":{}}],"line":29},"1":{"loc":{"start":{"line":90,"column":4},"end":{"line":93,"column":65}},"type":"if","locations":[{"start":{"line":90,"column":4},"end":{"line":93,"column":65}},{"start":{},"end":{}}],"line":90},"2":{"loc":{"start":{"line":96,"column":4},"end":{"line":97,"column":80}},"type":"if","locations":[{"start":{"line":96,"column":4},"end":{"line":97,"column":80}},{"start":{},"end":{}}],"line":96},"3":{"loc":{"start":{"line":133,"column":4},"end":{"line":136,"column":65}},"type":"if","locations":[{"start":{"line":133,"column":4},"end":{"line":136,"column":65}},{"start":{},"end":{}}],"line":133},"4":{"loc":{"start":{"line":176,"column":4},"end":{"line":177,"column":74}},"type":"if","locations":[{"start":{"line":176,"column":4},"end":{"line":177,"column":74}},{"start":{},"end":{}}],"line":176},"5":{"loc":{"start":{"line":179,"column":4},"end":{"line":182,"column":75}},"type":"if","locations":[{"start":{"line":179,"column":4},"end":{"line":182,"column":75}},{"start":{},"end":{}}],"line":179},"6":{"loc":{"start":{"line":184,"column":4},"end":{"line":200,"column":5}},"type":"if","locations":[{"start":{"line":184,"column":4},"end":{"line":200,"column":5}},{"start":{},"end":{}}],"line":184}},"s":{"0":1,"1":1,"2":1,"3":1,"4":1,"5":4,"6":4,"7":4,"8":3,"9":1,"10":3,"11":3,"12":3,"13":3,"14":2,"15":2,"16":2,"17":1,"18":5,"19":5,"20":5,"21":4,"22":1,"23":3,"24":3,"25":1,"26":2,"27":1,"28":2,"29":1,"30":5,"31":5,"32":5,"33":4,"34":1,"35":3,"36":2,"37":1,"38":3,"39":1,"40":5,"41":5,"42":5,"43":4,"44":1,"45":3,"46":1,"47":2,"48":2,"49":2,"50":2,"51":2,"52":1,"53":2},"f":{"0":4,"1":5,"2":5,"3":5},"b":{"0":[1,2],"1":[1,3],"2":[1,2],"3":[1,3],"4":[1,3],"5":[1,2],"6":[2,0]},"_coverageSchema":"1a1c01bbd47fc00a2c39e90264f33305004495a9","hash":"464f7e0d265ad85dccf5d5bedecb919e3f103e29"}
,"C:\\Users\\Utilisateur\\Desktop\\WIMF\\back\\controllers\\userControllers.js": {"path":"C:\\Users\\Utilisateur\\Desktop\\WIMF\\back\\controllers\\userControllers.js","statementMap":{"0":{"start":{"line":1,"column":11},"end":{"line":1,"column":27}},"1":{"start":{"line":2,"column":15},"end":{"line":2,"column":32}},"2":{"start":{"line":15,"column":0},"end":{"line":39,"column":2}},"3":{"start":{"line":16,"column":2},"end":{"line":38,"column":3}},"4":{"start":{"line":17,"column":26},"end":{"line":20,"column":5}},"5":{"start":{"line":22,"column":4},"end":{"line":24,"column":5}},"6":{"start":{"line":23,"column":6},"end":{"line":23,"column":64}},"7":{"start":{"line":26,"column":4},"end":{"line":30,"column":5}},"8":{"start":{"line":27,"column":6},"end":{"line":29,"column":75}},"9":{"start":{"line":32,"column":18},"end":{"line":34,"column":5}},"10":{"start":{"line":35,"column":4},"end":{"line":35,"column":32}},"11":{"start":{"line":37,"column":4},"end":{"line":37,"column":51}},"12":{"start":{"line":52,"column":0},"end":{"line":86,"column":2}},"13":{"start":{"line":53,"column":2},"end":{"line":85,"column":3}},"14":{"start":{"line":54,"column":26},"end":{"line":57,"column":5}},"15":{"start":{"line":59,"column":17},"end":{"line":62,"column":5}},"16":{"start":{"line":63,"column":4},"end":{"line":65,"column":5}},"17":{"start":{"line":64,"column":6},"end":{"line":64,"column":74}},"18":{"start":{"line":67,"column":4},"end":{"line":80,"column":5}},"19":{"start":{"line":77,"column":6},"end":{"line":79,"column":74}},"20":{"start":{"line":82,"column":4},"end":{"line":82,"column":31}},"21":{"start":{"line":84,"column":4},"end":{"line":84,"column":51}},"22":{"start":{"line":106,"column":0},"end":{"line":206,"column":2}},"23":{"start":{"line":107,"column":2},"end":{"line":205,"column":3}},"24":{"start":{"line":108,"column":26},"end":{"line":111,"column":5}},"25":{"start":{"line":113,"column":17},"end":{"line":116,"column":5}},"26":{"start":{"line":117,"column":4},"end":{"line":119,"column":5}},"27":{"start":{"line":118,"column":6},"end":{"line":118,"column":74}},"28":{"start":{"line":121,"column":4},"end":{"line":134,"column":5}},"29":{"start":{"line":131,"column":6},"end":{"line":133,"column":73}},"30":{"start":{"line":137,"column":6},"end":{"line":137,"column":14}},"31":{"start":{"line":141,"column":4},"end":{"line":146,"column":5}},"32":{"start":{"line":142,"column":6},"end":{"line":145,"column":8}},"33":{"start":{"line":148,"column":4},"end":{"line":153,"column":5}},"34":{"start":{"line":149,"column":6},"end":{"line":152,"column":8}},"35":{"start":{"line":155,"column":4},"end":{"line":168,"column":5}},"36":{"start":{"line":156,"column":24},"end":{"line":161,"column":21}},"37":{"start":{"line":163,"column":6},"end":{"line":167,"column":9}},"38":{"start":{"line":172,"column":4},"end":{"line":175,"column":5}},"39":{"start":{"line":173,"column":19},"end":{"line":173,"column":53}},"40":{"start":{"line":174,"column":6},"end":{"line":174,"column":55}},"41":{"start":{"line":177,"column":17},"end":{"line":177,"column":27}},"42":{"start":{"line":179,"column":24},"end":{"line":201,"column":5}},"43":{"start":{"line":202,"column":4},"end":{"line":202,"column":38}},"44":{"start":{"line":204,"column":4},"end":{"line":204,"column":51}},"45":{"start":{"line":219,"column":0},"end":{"line":260,"column":2}},"46":{"start":{"line":220,"column":2},"end":{"line":259,"column":3}},"47":{"start":{"line":221,"column":26},"end":{"line":224,"column":5}},"48":{"start":{"line":226,"column":25},"end":{"line":229,"column":5}},"49":{"start":{"line":231,"column":4},"end":{"line":246,"column":5}},"50":{"start":{"line":243,"column":6},"end":{"line":245,"column":80}},"51":{"start":{"line":248,"column":24},"end":{"line":251,"column":5}},"52":{"start":{"line":252,"column":4},"end":{"line":254,"column":5}},"53":{"start":{"line":253,"column":6},"end":{"line":253,"column":67}},"54":{"start":{"line":256,"column":4},"end":{"line":256,"column":62}},"55":{"start":{"line":258,"column":4},"end":{"line":258,"column":51}}},"fnMap":{"0":{"name":"(anonymous_0)","decl":{"start":{"line":15,"column":22},"end":{"line":15,"column":23}},"loc":{"start":{"line":15,"column":42},"end":{"line":39,"column":1}},"line":15},"1":{"name":"(anonymous_1)","decl":{"start":{"line":52,"column":21},"end":{"line":52,"column":22}},"loc":{"start":{"line":52,"column":41},"end":{"line":86,"column":1}},"line":52},"2":{"name":"(anonymous_2)","decl":{"start":{"line":106,"column":21},"end":{"line":106,"column":22}},"loc":{"start":{"line":106,"column":41},"end":{"line":206,"column":1}},"line":106},"3":{"name":"(anonymous_3)","decl":{"start":{"line":219,"column":21},"end":{"line":219,"column":22}},"loc":{"start":{"line":219,"column":41},"end":{"line":260,"column":1}},"line":219}},"branchMap":{"0":{"loc":{"start":{"line":22,"column":4},"end":{"line":24,"column":5}},"type":"if","locations":[{"start":{"line":22,"column":4},"end":{"line":24,"column":5}},{"start":{},"end":{}}],"line":22},"1":{"loc":{"start":{"line":26,"column":4},"end":{"line":30,"column":5}},"type":"if","locations":[{"start":{"line":26,"column":4},"end":{"line":30,"column":5}},{"start":{},"end":{}}],"line":26},"2":{"loc":{"start":{"line":63,"column":4},"end":{"line":65,"column":5}},"type":"if","locations":[{"start":{"line":63,"column":4},"end":{"line":65,"column":5}},{"start":{},"end":{}}],"line":63},"3":{"loc":{"start":{"line":67,"column":4},"end":{"line":80,"column":5}},"type":"if","locations":[{"start":{"line":67,"column":4},"end":{"line":80,"column":5}},{"start":{},"end":{}}],"line":67},"4":{"loc":{"start":{"line":68,"column":6},"end":{"line":75,"column":12}},"type":"binary-expr","locations":[{"start":{"line":68,"column":6},"end":{"line":68,"column":20}},{"start":{"line":69,"column":7},"end":{"line":69,"column":45}},{"start":{"line":70,"column":8},"end":{"line":70,"column":36}},{"start":{"line":71,"column":7},"end":{"line":71,"column":35}},{"start":{"line":72,"column":8},"end":{"line":75,"column":11}}],"line":68},"5":{"loc":{"start":{"line":117,"column":4},"end":{"line":119,"column":5}},"type":"if","locations":[{"start":{"line":117,"column":4},"end":{"line":119,"column":5}},{"start":{},"end":{}}],"line":117},"6":{"loc":{"start":{"line":121,"column":4},"end":{"line":134,"column":5}},"type":"if","locations":[{"start":{"line":121,"column":4},"end":{"line":134,"column":5}},{"start":{},"end":{}}],"line":121},"7":{"loc":{"start":{"line":122,"column":6},"end":{"line":129,"column":12}},"type":"binary-expr","locations":[{"start":{"line":122,"column":6},"end":{"line":122,"column":20}},{"start":{"line":123,"column":7},"end":{"line":123,"column":45}},{"start":{"line":124,"column":8},"end":{"line":124,"column":36}},{"start":{"line":125,"column":7},"end":{"line":125,"column":35}},{"start":{"line":126,"column":8},"end":{"line":129,"column":11}}],"line":122},"8":{"loc":{"start":{"line":141,"column":4},"end":{"line":146,"column":5}},"type":"if","locations":[{"start":{"line":141,"column":4},"end":{"line":146,"column":5}},{"start":{},"end":{}}],"line":141},"9":{"loc":{"start":{"line":148,"column":4},"end":{"line":153,"column":5}},"type":"if","locations":[{"start":{"line":148,"column":4},"end":{"line":153,"column":5}},{"start":{},"end":{}}],"line":148},"10":{"loc":{"start":{"line":155,"column":4},"end":{"line":168,"column":5}},"type":"if","locations":[{"start":{"line":155,"column":4},"end":{"line":168,"column":5}},{"start":{},"end":{}}],"line":155},"11":{"loc":{"start":{"line":155,"column":8},"end":{"line":155,"column":41}},"type":"binary-expr","locations":[{"start":{"line":155,"column":8},"end":{"line":155,"column":21}},{"start":{"line":155,"column":25},"end":{"line":155,"column":41}}],"line":155},"12":{"loc":{"start":{"line":157,"column":8},"end":{"line":157,"column":32}},"type":"binary-expr","locations":[{"start":{"line":157,"column":8},"end":{"line":157,"column":21}},{"start":{"line":157,"column":25},"end":{"line":157,"column":32}}],"line":157},"13":{"loc":{"start":{"line":158,"column":8},"end":{"line":158,"column":47}},"type":"binary-expr","locations":[{"start":{"line":158,"column":8},"end":{"line":158,"column":24}},{"start":{"line":158,"column":28},"end":{"line":158,"column":47}}],"line":158},"14":{"loc":{"start":{"line":165,"column":10},"end":{"line":165,"column":45}},"type":"cond-expr","locations":[{"start":{"line":165,"column":37},"end":{"line":165,"column":40}},{"start":{"line":165,"column":43},"end":{"line":165,"column":45}}],"line":165},"15":{"loc":{"start":{"line":172,"column":4},"end":{"line":175,"column":5}},"type":"if","locations":[{"start":{"line":172,"column":4},"end":{"line":175,"column":5}},{"start":{},"end":{}}],"line":172},"16":{"loc":{"start":{"line":192,"column":8},"end":{"line":192,"column":38}},"type":"binary-expr","locations":[{"start":{"line":192,"column":8},"end":{"line":192,"column":16}},{"start":{"line":192,"column":20},"end":{"line":192,"column":38}}],"line":192},"17":{"loc":{"start":{"line":193,"column":8},"end":{"line":193,"column":32}},"type":"binary-expr","locations":[{"start":{"line":193,"column":8},"end":{"line":193,"column":13}},{"start":{"line":193,"column":17},"end":{"line":193,"column":32}}],"line":193},"18":{"loc":{"start":{"line":194,"column":8},"end":{"line":194,"column":60}},"type":"cond-expr","locations":[{"start":{"line":194,"column":27},"end":{"line":194,"column":39}},{"start":{"line":194,"column":42},"end":{"line":194,"column":60}}],"line":194},"19":{"loc":{"start":{"line":195,"column":8},"end":{"line":195,"column":34}},"type":"binary-expr","locations":[{"start":{"line":195,"column":8},"end":{"line":195,"column":14}},{"start":{"line":195,"column":18},"end":{"line":195,"column":34}}],"line":195},"20":{"loc":{"start":{"line":196,"column":8},"end":{"line":196,"column":57}},"type":"binary-expr","locations":[{"start":{"line":196,"column":8},"end":{"line":196,"column":25}},{"start":{"line":196,"column":29},"end":{"line":196,"column":57}}],"line":196},"21":{"loc":{"start":{"line":197,"column":8},"end":{"line":197,"column":38}},"type":"binary-expr","locations":[{"start":{"line":197,"column":8},"end":{"line":197,"column":16}},{"start":{"line":197,"column":20},"end":{"line":197,"column":38}}],"line":197},"22":{"loc":{"start":{"line":231,"column":4},"end":{"line":246,"column":5}},"type":"if","locations":[{"start":{"line":231,"column":4},"end":{"line":246,"column":5}},{"start":{},"end":{}}],"line":231},"23":{"loc":{"start":{"line":232,"column":6},"end":{"line":241,"column":12}},"type":"binary-expr","locations":[{"start":{"line":232,"column":6},"end":{"line":232,"column":20}},{"start":{"line":233,"column":7},"end":{"line":233,"column":45}},{"start":{"line":234,"column":8},"end":{"line":234,"column":44}},{"start":{"line":235,"column":7},"end":{"line":235,"column":43}},{"start":{"line":236,"column":8},"end":{"line":241,"column":11}}],"line":232},"24":{"loc":{"start":{"line":252,"column":4},"end":{"line":254,"column":5}},"type":"if","locations":[{"start":{"line":252,"column":4},"end":{"line":254,"column":5}},{"start":{},"end":{}}],"line":252}},"s":{"0":1,"1":1,"2":1,"3":4,"4":4,"5":3,"6":1,"7":3,"8":1,"9":2,"10":2,"11":2,"12":1,"13":4,"14":4,"15":3,"16":3,"17":1,"18":2,"19":1,"20":1,"21":1,"22":1,"23":10,"24":10,"25":9,"26":9,"27":1,"28":8,"29":2,"30":6,"31":6,"32":5,"33":6,"34":5,"35":6,"36":3,"37":3,"38":3,"39":2,"40":2,"41":3,"42":3,"43":2,"44":2,"45":1,"46":6,"47":6,"48":5,"49":5,"50":2,"51":3,"52":2,"53":1,"54":2,"55":2},"f":{"0":4,"1":4,"2":10,"3":6},"b":{"0":[1,2],"1":[1,1],"2":[1,2],"3":[1,1],"4":[2,2,1,1,1],"5":[1,8],"6":[2,6],"7":[8,8,1,7,7],"8":[5,1],"9":[5,1],"10":[3,3],"11":[6,4],"12":[3,2],"13":[3,2],"14":[1,2],"15":[2,1],"16":[3,1],"17":[3,1],"18":[2,1],"19":[3,1],"20":[3,1],"21":[3,1],"22":[2,3],"23":[5,5,1,4,4],"24":[1,1]},"_coverageSchema":"1a1c01bbd47fc00a2c39e90264f33305004495a9","hash":"eafeda5f205ef361ff1901fd2ce57abb6188f91f"}
,"C:\\Users\\Utilisateur\\Desktop\\WIMF\\back\\utils\\mailerForgotPass.js": {"path":"C:\\Users\\Utilisateur\\Desktop\\WIMF\\back\\utils\\mailerForgotPass.js","statementMap":{"0":{"start":{"line":1,"column":19},"end":{"line":1,"column":40}},"1":{"start":{"line":3,"column":20},"end":{"line":9,"column":2}},"2":{"start":{"line":12,"column":22},"end":{"line":23,"column":3}},"3":{"start":{"line":25,"column":2},"end":{"line":31,"column":3}},"4":{"start":{"line":26,"column":17},"end":{"line":26,"column":56}},"5":{"start":{"line":27,"column":4},"end":{"line":27,"column":16}},"6":{"start":{"line":30,"column":4},"end":{"line":30,"column":51}},"7":{"start":{"line":34,"column":0},"end":{"line":34,"column":33}}},"fnMap":{"0":{"name":"emailForgotPass","decl":{"start":{"line":11,"column":15},"end":{"line":11,"column":30}},"loc":{"start":{"line":11,"column":55},"end":{"line":32,"column":1}},"line":11}},"branchMap":{},"s":{"0":1,"1":1,"2":0,"3":0,"4":0,"5":0,"6":0,"7":1},"f":{"0":0},"b":{},"_coverageSchema":"1a1c01bbd47fc00a2c39e90264f33305004495a9","hash":"e339d2763ec013e256cc23c260e20552fe3f5c86"}
}
