{"C:\\Users\\Utilisateur\\Desktop\\WIMF\\back\\controllers\\authControllers.js": {"path":"C:\\Users\\Utilisateur\\Desktop\\WIMF\\back\\controllers\\authControllers.js","statementMap":{"0":{"start":{"line":1,"column":13},"end":{"line":1,"column":43}},"1":{"start":{"line":2,"column":12},"end":{"line":2,"column":35}},"2":{"start":{"line":3,"column":15},"end":{"line":3,"column":32}},"3":{"start":{"line":19,"column":0},"end":{"line":54,"column":2}},"4":{"start":{"line":20,"column":40},"end":{"line":20,"column":48}},"5":{"start":{"line":22,"column":2},"end":{"line":53,"column":3}},"6":{"start":{"line":23,"column":17},"end":{"line":23,"column":71}},"7":{"start":{"line":25,"column":4},"end":{"line":28,"column":9}},"8":{"start":{"line":26,"column":6},"end":{"line":28,"column":9}},"9":{"start":{"line":30,"column":20},"end":{"line":30,"column":59}},"10":{"start":{"line":31,"column":4},"end":{"line":31,"column":25}},"11":{"start":{"line":33,"column":18},"end":{"line":40,"column":5}},"12":{"start":{"line":42,"column":4},"end":{"line":50,"column":7}},"13":{"start":{"line":52,"column":4},"end":{"line":52,"column":51}},"14":{"start":{"line":70,"column":0},"end":{"line":94,"column":2}},"15":{"start":{"line":71,"column":30},"end":{"line":71,"column":38}},"16":{"start":{"line":73,"column":2},"end":{"line":93,"column":3}},"17":{"start":{"line":74,"column":17},"end":{"line":74,"column":46}},"18":{"start":{"line":76,"column":4},"end":{"line":79,"column":65}},"19":{"start":{"line":77,"column":6},"end":{"line":79,"column":65}},"20":{"start":{"line":81,"column":20},"end":{"line":81,"column":65}},"21":{"start":{"line":82,"column":4},"end":{"line":83,"column":80}},"22":{"start":{"line":83,"column":6},"end":{"line":83,"column":80}},"23":{"start":{"line":85,"column":18},"end":{"line":89,"column":5}},"24":{"start":{"line":90,"column":4},"end":{"line":90,"column":20}},"25":{"start":{"line":92,"column":4},"end":{"line":92,"column":51}},"26":{"start":{"line":109,"column":0},"end":{"line":130,"column":2}},"27":{"start":{"line":110,"column":20},"end":{"line":110,"column":28}},"28":{"start":{"line":112,"column":2},"end":{"line":129,"column":3}},"29":{"start":{"line":113,"column":17},"end":{"line":113,"column":46}},"30":{"start":{"line":115,"column":4},"end":{"line":118,"column":65}},"31":{"start":{"line":116,"column":6},"end":{"line":118,"column":65}},"32":{"start":{"line":120,"column":18},"end":{"line":124,"column":5}},"33":{"start":{"line":126,"column":4},"end":{"line":126,"column":20}},"34":{"start":{"line":128,"column":4},"end":{"line":128,"column":51}},"35":{"start":{"line":146,"column":0},"end":{"line":173,"column":2}},"36":{"start":{"line":147,"column":30},"end":{"line":147,"column":38}},"37":{"start":{"line":149,"column":2},"end":{"line":172,"column":3}},"38":{"start":{"line":150,"column":24},"end":{"line":150,"column":56}},"39":{"start":{"line":152,"column":4},"end":{"line":153,"column":74}},"40":{"start":{"line":153,"column":6},"end":{"line":153,"column":74}},"41":{"start":{"line":155,"column":4},"end":{"line":158,"column":75}},"42":{"start":{"line":156,"column":6},"end":{"line":158,"column":75}},"43":{"start":{"line":160,"column":4},"end":{"line":166,"column":5}},"44":{"start":{"line":161,"column":19},"end":{"line":161,"column":53}},"45":{"start":{"line":162,"column":27},"end":{"line":162,"column":60}},"46":{"start":{"line":163,"column":6},"end":{"line":163,"column":42}},"47":{"start":{"line":165,"column":6},"end":{"line":165,"column":41}},"48":{"start":{"line":168,"column":22},"end":{"line":168,"column":46}},"49":{"start":{"line":169,"column":4},"end":{"line":169,"column":24}},"50":{"start":{"line":171,"column":4},"end":{"line":171,"column":51}}},"fnMap":{"0":{"name":"(anonymous_0)","decl":{"start":{"line":19,"column":19},"end":{"line":19,"column":20}},"loc":{"start":{"line":19,"column":39},"end":{"line":54,"column":1}},"line":19},"1":{"name":"(anonymous_1)","decl":{"start":{"line":70,"column":16},"end":{"line":70,"column":17}},"loc":{"start":{"line":70,"column":36},"end":{"line":94,"column":1}},"line":70},"2":{"name":"(anonymous_2)","decl":{"start":{"line":109,"column":21},"end":{"line":109,"column":22}},"loc":{"start":{"line":109,"column":41},"end":{"line":130,"column":1}},"line":109},"3":{"name":"(anonymous_3)","decl":{"start":{"line":146,"column":24},"end":{"line":146,"column":25}},"loc":{"start":{"line":146,"column":44},"end":{"line":173,"column":1}},"line":146}},"branchMap":{"0":{"loc":{"start":{"line":25,"column":4},"end":{"line":28,"column":9}},"type":"if","locations":[{"start":{"line":25,"column":4},"end":{"line":28,"column":9}},{"start":{},"end":{}}],"line":25},"1":{"loc":{"start":{"line":76,"column":4},"end":{"line":79,"column":65}},"type":"if","locations":[{"start":{"line":76,"column":4},"end":{"line":79,"column":65}},{"start":{},"end":{}}],"line":76},"2":{"loc":{"start":{"line":82,"column":4},"end":{"line":83,"column":80}},"type":"if","locations":[{"start":{"line":82,"column":4},"end":{"line":83,"column":80}},{"start":{},"end":{}}],"line":82},"3":{"loc":{"start":{"line":115,"column":4},"end":{"line":118,"column":65}},"type":"if","locations":[{"start":{"line":115,"column":4},"end":{"line":118,"column":65}},{"start":{},"end":{}}],"line":115},"4":{"loc":{"start":{"line":152,"column":4},"end":{"line":153,"column":74}},"type":"if","locations":[{"start":{"line":152,"column":4},"end":{"line":153,"column":74}},{"start":{},"end":{}}],"line":152},"5":{"loc":{"start":{"line":155,"column":4},"end":{"line":158,"column":75}},"type":"if","locations":[{"start":{"line":155,"column":4},"end":{"line":158,"column":75}},{"start":{},"end":{}}],"line":155},"6":{"loc":{"start":{"line":160,"column":4},"end":{"line":166,"column":5}},"type":"if","locations":[{"start":{"line":160,"column":4},"end":{"line":166,"column":5}},{"start":{},"end":{}}],"line":160}},"s":{"0":1,"1":1,"2":1,"3":1,"4":4,"5":4,"6":4,"7":3,"8":1,"9":3,"10":3,"11":2,"12":2,"13":2,"14":1,"15":5,"16":5,"17":5,"18":4,"19":1,"20":3,"21":3,"22":1,"23":2,"24":1,"25":2,"26":1,"27":4,"28":4,"29":4,"30":3,"31":1,"32":2,"33":1,"34":2,"35":1,"36":5,"37":5,"38":5,"39":4,"40":1,"41":3,"42":1,"43":2,"44":2,"45":2,"46":2,"47":2,"48":2,"49":1,"50":2},"f":{"0":4,"1":5,"2":4,"3":5},"b":{"0":[1,2],"1":[1,3],"2":[1,2],"3":[1,2],"4":[1,3],"5":[1,2],"6":[2,0]},"_coverageSchema":"1a1c01bbd47fc00a2c39e90264f33305004495a9","hash":"d1b14ec670e2123560064b3961cda0dd1b66cbb8"}
,"C:\\Users\\Utilisateur\\Desktop\\WIMF\\back\\models\\userModel.js": {"path":"C:\\Users\\Utilisateur\\Desktop\\WIMF\\back\\models\\userModel.js","statementMap":{"0":{"start":{"line":1,"column":17},"end":{"line":1,"column":36}},"1":{"start":{"line":2,"column":15},"end":{"line":2,"column":32}},"2":{"start":{"line":4,"column":28},"end":{"line":28,"column":1}},"3":{"start":{"line":30,"column":19},"end":{"line":76,"column":2}},"4":{"start":{"line":74,"column":20},"end":{"line":74,"column":22}},"5":{"start":{"line":79,"column":0},"end":{"line":91,"column":3}},"6":{"start":{"line":80,"column":2},"end":{"line":80,"column":30}},"7":{"start":{"line":82,"column":2},"end":{"line":82,"column":50}},"8":{"start":{"line":82,"column":36},"end":{"line":82,"column":50}},"9":{"start":{"line":84,"column":2},"end":{"line":90,"column":3}},"10":{"start":{"line":85,"column":17},"end":{"line":85,"column":51}},"11":{"start":{"line":86,"column":4},"end":{"line":86,"column":59}},"12":{"start":{"line":87,"column":4},"end":{"line":87,"column":11}},"13":{"start":{"line":89,"column":4},"end":{"line":89,"column":14}},"14":{"start":{"line":93,"column":0},"end":{"line":93,"column":52}}},"fnMap":{"0":{"name":"(anonymous_0)","decl":{"start":{"line":74,"column":13},"end":{"line":74,"column":14}},"loc":{"start":{"line":74,"column":20},"end":{"line":74,"column":22}},"line":74},"1":{"name":"(anonymous_1)","decl":{"start":{"line":79,"column":23},"end":{"line":79,"column":24}},"loc":{"start":{"line":79,"column":45},"end":{"line":91,"column":1}},"line":79}},"branchMap":{"0":{"loc":{"start":{"line":82,"column":2},"end":{"line":82,"column":50}},"type":"if","locations":[{"start":{"line":82,"column":2},"end":{"line":82,"column":50}},{"start":{},"end":{}}],"line":82}},"s":{"0":1,"1":1,"2":1,"3":1,"4":0,"5":1,"6":0,"7":0,"8":0,"9":0,"10":0,"11":0,"12":0,"13":0,"14":1},"f":{"0":0,"1":0},"b":{"0":[0,0]},"_coverageSchema":"1a1c01bbd47fc00a2c39e90264f33305004495a9","hash":"3ee59734c66252925fa32327b60a079731ff4668"}
}
