TN:
SF:controllers\authControllers.js
FN:20,(anonymous_0)
FN:81,(anonymous_1)
FN:124,(anonymous_2)
FN:167,(anonymous_3)
FNF:4
FNH:4
FNDA:4,(anonymous_0)
FNDA:5,(anonymous_1)
FNDA:5,(anonymous_2)
FNDA:5,(anonymous_3)
DA:1,1
DA:2,1
DA:3,1
DA:4,1
DA:20,1
DA:21,4
DA:23,4
DA:24,4
DA:29,3
DA:30,1
DA:34,3
DA:36,3
DA:37,3
DA:39,3
DA:44,2
DA:53,2
DA:63,2
DA:81,1
DA:82,5
DA:84,5
DA:85,5
DA:90,4
DA:91,1
DA:95,3
DA:96,3
DA:97,1
DA:99,2
DA:105,1
DA:107,2
DA:124,1
DA:125,5
DA:127,5
DA:128,5
DA:133,4
DA:134,1
DA:138,3
DA:144,2
DA:146,1
DA:148,3
DA:167,1
DA:168,5
DA:170,5
DA:171,5
DA:176,4
DA:177,1
DA:179,3
DA:180,1
DA:184,2
DA:185,2
DA:186,2
DA:188,2
DA:190,2
DA:199,1
DA:202,2
LF:54
LH:54
BRDA:29,0,0,1
BRDA:29,0,1,2
BRDA:90,1,0,1
BRDA:90,1,1,3
BRDA:96,2,0,1
BRDA:96,2,1,2
BRDA:133,3,0,1
BRDA:133,3,1,3
BRDA:176,4,0,1
BRDA:176,4,1,3
BRDA:179,5,0,1
BRDA:179,5,1,2
BRDA:184,6,0,2
BRDA:184,6,1,0
BRF:14
BRH:13
end_of_record
TN:
SF:controllers\ingredientControllers.js
FN:12,(anonymous_0)
FN:35,(anonymous_1)
FN:42,(anonymous_2)
FN:46,(anonymous_3)
FN:49,(anonymous_4)
FN:77,(anonymous_5)
FN:83,(anonymous_6)
FN:84,(anonymous_7)
FN:110,(anonymous_8)
FN:150,(anonymous_9)
FN:199,(anonymous_10)
FN:253,(anonymous_11)
FN:287,(anonymous_12)
FN:345,(anonymous_13)
FN:351,(anonymous_14)
FNF:15
FNH:15
FNDA:3,(anonymous_0)
FNDA:3,(anonymous_1)
FNDA:3,(anonymous_2)
FNDA:3,(anonymous_3)
FNDA:3,(anonymous_4)
FNDA:3,(anonymous_5)
FNDA:8,(anonymous_6)
FNDA:8,(anonymous_7)
FNDA:3,(anonymous_8)
FNDA:5,(anonymous_9)
FNDA:5,(anonymous_10)
FNDA:3,(anonymous_11)
FNDA:6,(anonymous_12)
FNDA:3,(anonymous_13)
FNDA:6,(anonymous_14)
DA:1,1
DA:12,1
DA:13,3
DA:15,3
DA:20,2
DA:22,1
DA:35,1
DA:36,3
DA:37,3
DA:40,3
DA:42,3
DA:45,3
DA:46,3
DA:49,3
DA:51,3
DA:60,2
DA:62,1
DA:77,1
DA:78,3
DA:79,3
DA:81,3
DA:83,8
DA:84,8
DA:86,3
DA:87,1
DA:90,2
DA:95,1
DA:97,1
DA:110,1
DA:111,3
DA:112,3
DA:114,3
DA:119,2
DA:120,1
DA:123,1
DA:130,1
DA:132,1
DA:150,1
DA:151,5
DA:152,5
DA:154,5
DA:155,1
DA:160,4
DA:165,3
DA:166,1
DA:169,2
DA:177,1
DA:181,2
DA:199,1
DA:200,5
DA:201,5
DA:202,5
DA:204,5
DA:209,4
DA:210,1
DA:213,3
DA:218,3
DA:219,1
DA:225,2
DA:235,1
DA:239,2
DA:253,1
DA:254,3
DA:255,3
DA:257,3
DA:262,2
DA:263,1
DA:266,1
DA:268,1
DA:287,1
DA:288,6
DA:289,6
DA:290,6
DA:292,6
DA:297,5
DA:298,1
DA:301,4
DA:306,4
DA:307,1
DA:310,3
DA:315,3
DA:316,1
DA:321,2
DA:328,2
DA:330,1
DA:345,1
DA:346,3
DA:347,3
DA:349,3
DA:351,6
DA:354,3
DA:361,2
DA:362,1
DA:368,1
DA:370,1
LF:95
LH:95
BRDA:86,0,0,1
BRDA:86,0,1,2
BRDA:119,1,0,1
BRDA:119,1,1,1
BRDA:154,2,0,1
BRDA:154,2,1,4
BRDA:154,3,0,5
BRDA:154,3,1,4
BRDA:165,4,0,1
BRDA:165,4,1,2
BRDA:209,5,0,1
BRDA:209,5,1,3
BRDA:218,6,0,1
BRDA:218,6,1,2
BRDA:262,7,0,1
BRDA:262,7,1,1
BRDA:297,8,0,1
BRDA:297,8,1,4
BRDA:306,9,0,1
BRDA:306,9,1,3
BRDA:315,10,0,1
BRDA:315,10,1,2
BRDA:325,11,0,2
BRDA:325,11,1,1
BRDA:325,12,0,2
BRDA:325,12,1,1
BRDA:361,13,0,1
BRDA:361,13,1,1
BRF:28
BRH:28
end_of_record
TN:
SF:controllers\recipeControllers.js
FN:12,(anonymous_0)
FN:31,(anonymous_1)
FN:54,(anonymous_2)
FN:162,(anonymous_3)
FN:228,(anonymous_4)
FN:314,(anonymous_5)
FN:320,(anonymous_6)
FN:321,(anonymous_7)
FN:353,(anonymous_8)
FN:381,(anonymous_9)
FN:387,(anonymous_10)
FN:391,(anonymous_11)
FN:394,(anonymous_12)
FNF:13
FNH:13
FNDA:3,(anonymous_0)
FNDA:2,(anonymous_1)
FNDA:3,(anonymous_2)
FNDA:4,(anonymous_3)
FNDA:4,(anonymous_4)
FNDA:3,(anonymous_5)
FNDA:8,(anonymous_6)
FNDA:8,(anonymous_7)
FNDA:3,(anonymous_8)
FNDA:3,(anonymous_9)
FNDA:9,(anonymous_10)
FNDA:9,(anonymous_11)
FNDA:9,(anonymous_12)
DA:1,1
DA:12,1
DA:13,3
DA:14,3
DA:16,2
DA:18,1
DA:31,1
DA:32,2
DA:33,2
DA:37,1
DA:39,1
DA:54,1
DA:55,3
DA:56,3
DA:58,3
DA:63,2
DA:64,1
DA:67,1
DA:69,1
DA:162,1
DA:163,4
DA:165,4
DA:167,4
DA:168,4
DA:170,4
DA:171,4
DA:173,0
DA:176,4
DA:181,3
DA:182,1
DA:188,2
DA:190,2
DA:207,1
DA:211,2
DA:228,1
DA:229,4
DA:230,4
DA:232,4
DA:237,3
DA:238,1
DA:249,2
DA:251,2
DA:256,2
DA:257,1
DA:263,1
DA:273,1
DA:299,1
DA:301,1
DA:314,1
DA:315,3
DA:316,3
DA:318,3
DA:320,8
DA:321,8
DA:323,3
DA:324,1
DA:327,2
DA:337,1
DA:339,1
DA:353,1
DA:354,3
DA:355,3
DA:357,3
DA:362,2
DA:363,1
DA:366,1
DA:368,1
DA:381,1
DA:382,3
DA:383,3
DA:385,3
DA:387,9
DA:390,3
DA:391,9
DA:394,9
DA:396,3
DA:401,2
DA:403,1
LF:78
LH:77
BRDA:63,0,0,1
BRDA:63,0,1,1
BRDA:171,1,0,0
BRDA:171,1,1,4
BRDA:181,2,0,1
BRDA:181,2,1,2
BRDA:237,3,0,1
BRDA:237,3,1,2
BRDA:256,4,0,1
BRDA:256,4,1,1
BRDA:263,5,0,0
BRDA:263,5,1,1
BRDA:266,6,0,0
BRDA:266,6,1,1
BRDA:269,7,0,0
BRDA:269,7,1,1
BRDA:287,8,0,1
BRDA:287,8,1,0
BRDA:288,9,0,1
BRDA:288,9,1,1
BRDA:289,10,0,1
BRDA:289,10,1,1
BRDA:290,11,0,1
BRDA:290,11,1,1
BRDA:291,12,0,1
BRDA:291,12,1,1
BRDA:293,13,0,1
BRDA:293,13,1,1
BRDA:294,14,0,1
BRDA:294,14,1,1
BRDA:323,15,0,1
BRDA:323,15,1,2
BRDA:362,16,0,1
BRDA:362,16,1,1
BRF:34
BRH:29
end_of_record
TN:
SF:controllers\userControllers.js
FN:15,(anonymous_0)
FN:52,(anonymous_1)
FN:106,(anonymous_2)
FN:219,(anonymous_3)
FNF:4
FNH:4
FNDA:4,(anonymous_0)
FNDA:4,(anonymous_1)
FNDA:10,(anonymous_2)
FNDA:6,(anonymous_3)
DA:1,1
DA:2,1
DA:15,1
DA:16,4
DA:17,4
DA:22,3
DA:23,1
DA:26,3
DA:27,1
DA:32,2
DA:35,2
DA:37,2
DA:52,1
DA:53,4
DA:54,4
DA:59,3
DA:63,3
DA:64,1
DA:67,2
DA:77,1
DA:82,1
DA:84,1
DA:106,1
DA:107,10
DA:108,10
DA:113,9
DA:117,9
DA:118,1
DA:121,8
DA:131,2
DA:137,6
DA:141,6
DA:142,5
DA:148,6
DA:149,5
DA:155,6
DA:156,3
DA:163,3
DA:172,3
DA:173,2
DA:174,2
DA:177,3
DA:179,3
DA:202,2
DA:204,2
DA:219,1
DA:220,6
DA:221,6
DA:226,5
DA:231,5
DA:243,2
DA:248,3
DA:252,2
DA:253,1
DA:256,2
DA:258,2
LF:56
LH:56
BRDA:22,0,0,1
BRDA:22,0,1,2
BRDA:26,1,0,1
BRDA:26,1,1,1
BRDA:63,2,0,1
BRDA:63,2,1,2
BRDA:67,3,0,1
BRDA:67,3,1,1
BRDA:68,4,0,2
BRDA:68,4,1,2
BRDA:68,4,2,1
BRDA:68,4,3,1
BRDA:68,4,4,1
BRDA:117,5,0,1
BRDA:117,5,1,8
BRDA:121,6,0,2
BRDA:121,6,1,6
BRDA:122,7,0,8
BRDA:122,7,1,8
BRDA:122,7,2,1
BRDA:122,7,3,7
BRDA:122,7,4,7
BRDA:141,8,0,5
BRDA:141,8,1,1
BRDA:148,9,0,5
BRDA:148,9,1,1
BRDA:155,10,0,3
BRDA:155,10,1,3
BRDA:155,11,0,6
BRDA:155,11,1,4
BRDA:157,12,0,3
BRDA:157,12,1,2
BRDA:158,13,0,3
BRDA:158,13,1,2
BRDA:165,14,0,1
BRDA:165,14,1,2
BRDA:172,15,0,2
BRDA:172,15,1,1
BRDA:192,16,0,3
BRDA:192,16,1,1
BRDA:193,17,0,3
BRDA:193,17,1,1
BRDA:194,18,0,2
BRDA:194,18,1,1
BRDA:195,19,0,3
BRDA:195,19,1,1
BRDA:196,20,0,3
BRDA:196,20,1,1
BRDA:197,21,0,3
BRDA:197,21,1,1
BRDA:231,22,0,2
BRDA:231,22,1,3
BRDA:232,23,0,5
BRDA:232,23,1,5
BRDA:232,23,2,1
BRDA:232,23,3,4
BRDA:232,23,4,4
BRDA:252,24,0,1
BRDA:252,24,1,1
BRF:59
BRH:59
end_of_record
TN:
SF:middlewares\adminMiddleware.js
FN:13,(anonymous_0)
FNF:1
FNH:1
FNDA:6,(anonymous_0)
DA:1,1
DA:2,1
DA:13,1
DA:14,6
DA:16,6
DA:17,1
DA:20,5
DA:24,5
DA:25,5
DA:27,1
DA:30,4
DA:32,4
DA:33,4
DA:38,3
DA:39,1
DA:42,2
DA:43,1
DA:48,1
DA:50,1
DA:54,1
LF:20
LH:20
BRDA:16,0,0,1
BRDA:16,0,1,5
BRDA:16,1,0,6
BRDA:16,1,1,6
BRDA:38,2,0,1
BRDA:38,2,1,2
BRDA:42,3,0,1
BRDA:42,3,1,1
BRF:8
BRH:8
end_of_record
TN:
SF:middlewares\authMiddleware.js
FN:12,(anonymous_0)
FNF:1
FNH:1
FNDA:3,(anonymous_0)
DA:1,1
DA:12,1
DA:13,3
DA:15,3
DA:16,1
DA:19,2
DA:21,2
DA:22,2
DA:23,1
DA:24,1
DA:26,1
DA:30,1
LF:12
LH:12
BRDA:15,0,0,1
BRDA:15,0,1,2
BRDA:15,1,0,3
BRDA:15,1,1,2
BRF:4
BRH:4
end_of_record
TN:
SF:middlewares\resetPassMiddleware.js
FN:11,(anonymous_0)
FNF:1
FNH:1
FNDA:3,(anonymous_0)
DA:1,1
DA:11,1
DA:12,3
DA:14,3
DA:15,1
DA:18,2
DA:20,2
DA:21,2
DA:22,1
DA:23,1
DA:25,1
DA:29,1
LF:12
LH:12
BRDA:14,0,0,1
BRDA:14,0,1,2
BRDA:14,1,0,3
BRDA:14,1,1,2
BRF:4
BRH:4
end_of_record
TN:
SF:utils\mailerForgotPass.js
FN:3,emailForgotPass
FN:46,oo_cm
FNF:2
FNH:2
FNDA:2,emailForgotPass
FNDA:1,oo_cm
DA:1,2
DA:4,2
DA:17,2
DA:30,2
DA:31,2
DA:32,1
DA:34,1
DA:35,1
DA:39,2
DA:46,1
LF:10
LH:10
BRDA:46,0,0,1
BRDA:46,0,1,1
BRF:2
BRH:2
end_of_record
