TN:
SF:controllers\authControllers.js
FN:20,(anonymous_0)
FN:81,(anonymous_1)
FN:124,(anonymous_2)
FN:167,(anonymous_3)
FNF:4
FNH:4
FNDA:4,(anonymous_0)
FNDA:5,(anonymous_1)
FNDA:5,(anonymous_2)
FNDA:5,(anonymous_3)
DA:1,1
DA:2,1
DA:3,1
DA:4,1
DA:20,1
DA:21,4
DA:23,4
DA:24,4
DA:29,3
DA:30,1
DA:34,3
DA:36,3
DA:37,3
DA:39,3
DA:44,2
DA:53,2
DA:63,2
DA:81,1
DA:82,5
DA:84,5
DA:85,5
DA:90,4
DA:91,1
DA:95,3
DA:96,3
DA:97,1
DA:99,2
DA:105,1
DA:107,2
DA:124,1
DA:125,5
DA:127,5
DA:128,5
DA:133,4
DA:134,1
DA:138,3
DA:144,2
DA:146,1
DA:148,3
DA:167,1
DA:168,5
DA:170,5
DA:171,5
DA:176,4
DA:177,1
DA:179,3
DA:180,1
DA:184,2
DA:185,2
DA:186,2
DA:188,2
DA:190,2
DA:199,1
DA:202,2
LF:54
LH:54
BRDA:29,0,0,1
BRDA:29,0,1,2
BRDA:90,1,0,1
BRDA:90,1,1,3
BRDA:96,2,0,1
BRDA:96,2,1,2
BRDA:133,3,0,1
BRDA:133,3,1,3
BRDA:176,4,0,1
BRDA:176,4,1,3
BRDA:179,5,0,1
BRDA:179,5,1,2
BRDA:184,6,0,2
BRDA:184,6,1,0
BRF:14
BRH:13
end_of_record
TN:
SF:controllers\userControllers.js
FN:15,(anonymous_0)
FN:52,(anonymous_1)
FN:104,(anonymous_2)
FN:209,(anonymous_3)
FNF:4
FNH:1
FNDA:4,(anonymous_0)
FNDA:0,(anonymous_1)
FNDA:0,(anonymous_2)
FNDA:0,(anonymous_3)
DA:1,1
DA:2,1
DA:15,1
DA:16,4
DA:17,4
DA:22,3
DA:23,1
DA:26,3
DA:27,1
DA:32,2
DA:35,2
DA:37,2
DA:52,1
DA:53,0
DA:54,0
DA:59,0
DA:63,0
DA:64,0
DA:67,0
DA:75,0
DA:80,0
DA:82,0
DA:104,1
DA:105,0
DA:106,0
DA:111,0
DA:115,0
DA:116,0
DA:119,0
DA:127,0
DA:133,0
DA:135,0
DA:140,0
DA:145,0
DA:146,0
DA:153,0
DA:162,0
DA:163,0
DA:164,0
DA:167,0
DA:169,0
DA:192,0
DA:194,0
DA:209,1
DA:210,0
DA:211,0
DA:216,0
DA:221,0
DA:229,0
DA:234,0
DA:238,0
DA:239,0
DA:242,0
DA:244,0
LF:54
LH:15
BRDA:22,0,0,1
BRDA:22,0,1,2
BRDA:26,1,0,1
BRDA:26,1,1,1
BRDA:63,2,0,0
BRDA:63,2,1,0
BRDA:67,3,0,0
BRDA:67,3,1,0
BRDA:68,4,0,0
BRDA:68,4,1,0
BRDA:68,4,2,0
BRDA:68,4,3,0
BRDA:68,4,4,0
BRDA:68,4,5,0
BRDA:115,5,0,0
BRDA:115,5,1,0
BRDA:119,6,0,0
BRDA:119,6,1,0
BRDA:120,7,0,0
BRDA:120,7,1,0
BRDA:120,7,2,0
BRDA:120,7,3,0
BRDA:120,7,4,0
BRDA:120,7,5,0
BRDA:145,8,0,0
BRDA:145,8,1,0
BRDA:145,9,0,0
BRDA:145,9,1,0
BRDA:147,10,0,0
BRDA:147,10,1,0
BRDA:148,11,0,0
BRDA:148,11,1,0
BRDA:155,12,0,0
BRDA:155,12,1,0
BRDA:162,13,0,0
BRDA:162,13,1,0
BRDA:182,14,0,0
BRDA:182,14,1,0
BRDA:183,15,0,0
BRDA:183,15,1,0
BRDA:184,16,0,0
BRDA:184,16,1,0
BRDA:185,17,0,0
BRDA:185,17,1,0
BRDA:186,18,0,0
BRDA:186,18,1,0
BRDA:187,19,0,0
BRDA:187,19,1,0
BRDA:221,20,0,0
BRDA:221,20,1,0
BRDA:222,21,0,0
BRDA:222,21,1,0
BRDA:222,21,2,0
BRDA:222,21,3,0
BRDA:222,21,4,0
BRDA:222,21,5,0
BRDA:238,22,0,0
BRDA:238,22,1,0
BRF:58
BRH:4
end_of_record
TN:
SF:utils\mailerForgotPass.js
FN:11,emailForgotPass
FNF:1
FNH:0
FNDA:0,emailForgotPass
DA:1,1
DA:3,1
DA:12,0
DA:25,0
DA:26,0
DA:27,0
DA:30,0
DA:34,1
LF:8
LH:3
BRF:0
BRH:0
end_of_record
